[0.014s] Invoking command in '/home/gg/ros2_nav2_ws/src/sim/sim_gazebo/build/go2_description': CMAKE_PREFIX_PATH=/opt/ros/humble /usr/bin/cmake /home/gg/ros2_nav2_ws/src/sim/sim_gazebo/go2_description -DCMAKE_INSTALL_PREFIX=/home/gg/ros2_nav2_ws/src/sim/sim_gazebo/install/go2_description
[0.147s] -- The C compiler identification is GNU 11.4.0
[0.230s] -- The CXX compiler identification is GNU 11.4.0
[0.244s] -- Detecting C compiler ABI info
[0.321s] -- Detecting C compiler ABI info - done
[0.325s] -- Check for working C compiler: /usr/bin/cc - skipped
[0.325s] -- Detecting C compile features
[0.325s] -- Detecting C compile features - done
[0.328s] -- Detecting CXX compiler ABI info
[0.390s] -- Detecting CXX compiler ABI info - done
[0.394s] -- Check for working CXX compiler: /usr/bin/c++ - skipped
[0.394s] -- Detecting CXX compile features
[0.395s] -- Detecting CXX compile features - done
[0.396s] -- Found ament_cmake: 1.3.12 (/opt/ros/humble/share/ament_cmake/cmake)
[0.503s] -- Found Python3: /usr/bin/python3 (found version "3.10.12") found components: Interpreter 
[0.595s] -- Found ament_lint_auto: 0.12.14 (/opt/ros/humble/share/ament_lint_auto/cmake)
[0.668s] -- Added test 'flake8' to check Python code syntax and style conventions
[0.668s] -- Added test 'lint_cmake' to check CMake code style
[0.669s] -- Added test 'pep257' to check Python code against some of the docstring style conventions in PEP 257
[0.671s] -- Added test 'xmllint' to check XML markup files
[0.673s] -- Configuring done
[0.675s] -- Generating done
[0.676s] -- Build files have been written to: /home/gg/ros2_nav2_ws/src/sim/sim_gazebo/build/go2_description
