-- Install configuration: ""
-- Installing: /home/gg/ros2_nav2_ws/src/sim/sim_gazebo/install/go2_description/share/go2_description/launch
-- Installing: /home/gg/ros2_nav2_ws/src/sim/sim_gazebo/install/go2_description/share/go2_description/launch/gazebo.launch
-- Installing: /home/gg/ros2_nav2_ws/src/sim/sim_gazebo/install/go2_description/share/go2_description/launch/check_joint.rviz
-- Installing: /home/gg/ros2_nav2_ws/src/sim/sim_gazebo/install/go2_description/share/go2_description/launch/dog_description.launch.py
-- Installing: /home/gg/ros2_nav2_ws/src/sim/sim_gazebo/install/go2_description/share/go2_description/launch/go2_rviz.launch
-- Installing: /home/gg/ros2_nav2_ws/src/sim/sim_gazebo/install/go2_description/share/go2_description/launch/dog_description_ign.launch.py
-- Installing: /home/gg/ros2_nav2_ws/src/sim/sim_gazebo/install/go2_description/share/go2_description/config
-- Installing: /home/gg/ros2_nav2_ws/src/sim/sim_gazebo/install/go2_description/share/go2_description/config/joint_names_go2_description.yaml
-- Installing: /home/gg/ros2_nav2_ws/src/sim/sim_gazebo/install/go2_description/share/go2_description/config/robot_control.yaml
-- Installing: /home/gg/ros2_nav2_ws/src/sim/sim_gazebo/install/go2_description/share/go2_description/dae
-- Installing: /home/gg/ros2_nav2_ws/src/sim/sim_gazebo/install/go2_description/share/go2_description/dae/hip.dae
-- Installing: /home/gg/ros2_nav2_ws/src/sim/sim_gazebo/install/go2_description/share/go2_description/dae/base.dae
-- Installing: /home/gg/ros2_nav2_ws/src/sim/sim_gazebo/install/go2_description/share/go2_description/dae/calf.dae
-- Installing: /home/gg/ros2_nav2_ws/src/sim/sim_gazebo/install/go2_description/share/go2_description/dae/foot.dae
-- Installing: /home/gg/ros2_nav2_ws/src/sim/sim_gazebo/install/go2_description/share/go2_description/dae/calf_mirror.dae
-- Installing: /home/gg/ros2_nav2_ws/src/sim/sim_gazebo/install/go2_description/share/go2_description/dae/thigh.dae
-- Installing: /home/gg/ros2_nav2_ws/src/sim/sim_gazebo/install/go2_description/share/go2_description/dae/thigh_mirror.dae
-- Installing: /home/gg/ros2_nav2_ws/src/sim/sim_gazebo/install/go2_description/share/go2_description/urdf
-- Installing: /home/gg/ros2_nav2_ws/src/sim/sim_gazebo/install/go2_description/share/go2_description/urdf/Amended_collision_model.png
-- Installing: /home/gg/ros2_nav2_ws/src/sim/sim_gazebo/install/go2_description/share/go2_description/urdf/go2_description.urdf
-- Installing: /home/gg/ros2_nav2_ws/src/sim/sim_gazebo/install/go2_description/share/go2_description/urdf/go2_description_ign.urdf
-- Installing: /home/gg/ros2_nav2_ws/src/sim/sim_gazebo/install/go2_description/share/go2_description/urdf/Normal_collision_model.png
-- Installing: /home/gg/ros2_nav2_ws/src/sim/sim_gazebo/install/go2_description/share/go2_description/meshes
-- Installing: /home/gg/ros2_nav2_ws/src/sim/sim_gazebo/install/go2_description/share/go2_description/meshes/hip.dae
-- Installing: /home/gg/ros2_nav2_ws/src/sim/sim_gazebo/install/go2_description/share/go2_description/meshes/base.dae
-- Installing: /home/gg/ros2_nav2_ws/src/sim/sim_gazebo/install/go2_description/share/go2_description/meshes/calf.dae
-- Installing: /home/gg/ros2_nav2_ws/src/sim/sim_gazebo/install/go2_description/share/go2_description/meshes/foot.dae
-- Installing: /home/gg/ros2_nav2_ws/src/sim/sim_gazebo/install/go2_description/share/go2_description/meshes/calf_mirror.dae
-- Installing: /home/gg/ros2_nav2_ws/src/sim/sim_gazebo/install/go2_description/share/go2_description/meshes/thigh.dae
-- Installing: /home/gg/ros2_nav2_ws/src/sim/sim_gazebo/install/go2_description/share/go2_description/meshes/thigh_mirror.dae
-- Installing: /home/gg/ros2_nav2_ws/src/sim/sim_gazebo/install/go2_description/share/go2_description/xacro
-- Installing: /home/gg/ros2_nav2_ws/src/sim/sim_gazebo/install/go2_description/share/go2_description/xacro/gazebo.xacro
-- Installing: /home/gg/ros2_nav2_ws/src/sim/sim_gazebo/install/go2_description/share/go2_description/xacro/materials.xacro
-- Installing: /home/gg/ros2_nav2_ws/src/sim/sim_gazebo/install/go2_description/share/go2_description/xacro/transmission.xacro
-- Installing: /home/gg/ros2_nav2_ws/src/sim/sim_gazebo/install/go2_description/share/go2_description/xacro/robot.xacro
-- Installing: /home/gg/ros2_nav2_ws/src/sim/sim_gazebo/install/go2_description/share/go2_description/xacro/leg.xacro
-- Installing: /home/gg/ros2_nav2_ws/src/sim/sim_gazebo/install/go2_description/share/go2_description/xacro/const.xacro
-- Installing: /home/gg/ros2_nav2_ws/src/sim/sim_gazebo/install/go2_description/share/ament_index/resource_index/package_run_dependencies/go2_description
-- Installing: /home/gg/ros2_nav2_ws/src/sim/sim_gazebo/install/go2_description/share/ament_index/resource_index/parent_prefix_path/go2_description
-- Installing: /home/gg/ros2_nav2_ws/src/sim/sim_gazebo/install/go2_description/share/go2_description/environment/ament_prefix_path.sh
-- Installing: /home/gg/ros2_nav2_ws/src/sim/sim_gazebo/install/go2_description/share/go2_description/environment/ament_prefix_path.dsv
-- Installing: /home/gg/ros2_nav2_ws/src/sim/sim_gazebo/install/go2_description/share/go2_description/environment/path.sh
-- Installing: /home/gg/ros2_nav2_ws/src/sim/sim_gazebo/install/go2_description/share/go2_description/environment/path.dsv
-- Installing: /home/gg/ros2_nav2_ws/src/sim/sim_gazebo/install/go2_description/share/go2_description/local_setup.bash
-- Installing: /home/gg/ros2_nav2_ws/src/sim/sim_gazebo/install/go2_description/share/go2_description/local_setup.sh
-- Installing: /home/gg/ros2_nav2_ws/src/sim/sim_gazebo/install/go2_description/share/go2_description/local_setup.zsh
-- Installing: /home/gg/ros2_nav2_ws/src/sim/sim_gazebo/install/go2_description/share/go2_description/local_setup.dsv
-- Installing: /home/gg/ros2_nav2_ws/src/sim/sim_gazebo/install/go2_description/share/go2_description/package.dsv
-- Installing: /home/gg/ros2_nav2_ws/src/sim/sim_gazebo/install/go2_description/share/ament_index/resource_index/packages/go2_description
-- Installing: /home/gg/ros2_nav2_ws/src/sim/sim_gazebo/install/go2_description/share/go2_description/cmake/go2_descriptionConfig.cmake
-- Installing: /home/gg/ros2_nav2_ws/src/sim/sim_gazebo/install/go2_description/share/go2_description/cmake/go2_descriptionConfig-version.cmake
-- Installing: /home/gg/ros2_nav2_ws/src/sim/sim_gazebo/install/go2_description/share/go2_description/package.xml
