[0.081s] DEBUG:colcon:Command line arguments: ['/usr/bin/colcon', 'build']
[0.081s] DEBUG:colcon:Parsed command line arguments: Namespace(log_base=None, log_level=None, verb_name='build', build_base='build', install_base='install', merge_install=False, symlink_install=False, test_result_base=None, continue_on_error=False, executor='parallel', parallel_workers=24, event_handlers=None, ignore_user_meta=False, metas=['./colcon.meta'], base_paths=['.'], packages_ignore=None, packages_ignore_regex=None, paths=None, packages_up_to=None, packages_up_to_regex=None, packages_above=None, packages_above_and_dependencies=None, packages_above_depth=None, packages_select_by_dep=None, packages_skip_by_dep=None, packages_skip_up_to=None, packages_select_build_failed=False, packages_skip_build_finished=False, packages_select_test_failures=False, packages_skip_test_passed=False, packages_select=None, packages_skip=None, packages_select_regex=None, packages_skip_regex=None, packages_start=None, packages_end=None, allow_overriding=[], cmake_args=None, cmake_target=None, cmake_target_skip_unavailable=False, cmake_clean_cache=False, cmake_clean_first=False, cmake_force_configure=False, ament_cmake_args=None, catkin_cmake_args=None, catkin_skip_building_tests=False, verb_parser=<colcon_defaults.argument_parser.defaults.DefaultArgumentsDecorator object at 0x74ddc8cf7e50>, verb_extension=<colcon_core.verb.build.BuildVerb object at 0x74ddc8e2d2d0>, main=<bound method BuildVerb.main of <colcon_core.verb.build.BuildVerb object at 0x74ddc8e2d2d0>>)
[0.178s] Level 1:colcon.colcon_core.package_discovery:discover_packages(colcon_meta) check parameters
[0.178s] Level 1:colcon.colcon_core.package_discovery:discover_packages(recursive) check parameters
[0.178s] Level 1:colcon.colcon_core.package_discovery:discover_packages(ignore) check parameters
[0.178s] Level 1:colcon.colcon_core.package_discovery:discover_packages(path) check parameters
[0.178s] Level 1:colcon.colcon_core.package_discovery:discover_packages(colcon_meta) discover
[0.178s] Level 1:colcon.colcon_core.package_discovery:discover_packages(recursive) discover
[0.178s] INFO:colcon.colcon_core.package_discovery:Crawling recursively for packages in '/home/gg/ros2_nav2_ws/src/sim/sim_gazebo'
[0.179s] Level 1:colcon.colcon_core.package_identification:_identify(.) by extensions ['ignore', 'ignore_ament_install']
[0.179s] Level 1:colcon.colcon_core.package_identification:_identify(.) by extension 'ignore'
[0.179s] Level 1:colcon.colcon_core.package_identification:_identify(.) by extension 'ignore_ament_install'
[0.179s] Level 1:colcon.colcon_core.package_identification:_identify(.) by extensions ['colcon_pkg']
[0.179s] Level 1:colcon.colcon_core.package_identification:_identify(.) by extension 'colcon_pkg'
[0.179s] Level 1:colcon.colcon_core.package_identification:_identify(.) by extensions ['colcon_meta']
[0.179s] Level 1:colcon.colcon_core.package_identification:_identify(.) by extension 'colcon_meta'
[0.179s] Level 1:colcon.colcon_core.package_identification:_identify(.) by extensions ['ros']
[0.179s] Level 1:colcon.colcon_core.package_identification:_identify(.) by extension 'ros'
[0.188s] Level 1:colcon.colcon_core.package_identification:_identify(.) by extensions ['cmake', 'python']
[0.188s] Level 1:colcon.colcon_core.package_identification:_identify(.) by extension 'cmake'
[0.188s] Level 1:colcon.colcon_core.package_identification:_identify(.) by extension 'python'
[0.188s] Level 1:colcon.colcon_core.package_identification:_identify(.) by extensions ['python_setup_py']
[0.188s] Level 1:colcon.colcon_core.package_identification:_identify(.) by extension 'python_setup_py'
[0.188s] Level 1:colcon.colcon_core.package_identification:_identify(build) by extensions ['ignore', 'ignore_ament_install']
[0.188s] Level 1:colcon.colcon_core.package_identification:_identify(build) by extension 'ignore'
[0.188s] Level 1:colcon.colcon_core.package_identification:_identify(build) ignored
[0.188s] Level 1:colcon.colcon_core.package_identification:_identify(demo_gazebo_sim) by extensions ['ignore', 'ignore_ament_install']
[0.188s] Level 1:colcon.colcon_core.package_identification:_identify(demo_gazebo_sim) by extension 'ignore'
[0.188s] Level 1:colcon.colcon_core.package_identification:_identify(demo_gazebo_sim) by extension 'ignore_ament_install'
[0.188s] Level 1:colcon.colcon_core.package_identification:_identify(demo_gazebo_sim) by extensions ['colcon_pkg']
[0.188s] Level 1:colcon.colcon_core.package_identification:_identify(demo_gazebo_sim) by extension 'colcon_pkg'
[0.188s] Level 1:colcon.colcon_core.package_identification:_identify(demo_gazebo_sim) by extensions ['colcon_meta']
[0.188s] Level 1:colcon.colcon_core.package_identification:_identify(demo_gazebo_sim) by extension 'colcon_meta'
[0.188s] Level 1:colcon.colcon_core.package_identification:_identify(demo_gazebo_sim) by extensions ['ros']
[0.188s] Level 1:colcon.colcon_core.package_identification:_identify(demo_gazebo_sim) by extension 'ros'
[0.189s] DEBUG:colcon.colcon_core.package_identification:Package 'demo_gazebo_sim' with type 'ros.ament_cmake' and name 'demo_gazebo_sim'
[0.190s] Level 1:colcon.colcon_core.package_identification:_identify(go2_description) by extensions ['ignore', 'ignore_ament_install']
[0.190s] Level 1:colcon.colcon_core.package_identification:_identify(go2_description) by extension 'ignore'
[0.190s] Level 1:colcon.colcon_core.package_identification:_identify(go2_description) by extension 'ignore_ament_install'
[0.190s] Level 1:colcon.colcon_core.package_identification:_identify(go2_description) by extensions ['colcon_pkg']
[0.190s] Level 1:colcon.colcon_core.package_identification:_identify(go2_description) by extension 'colcon_pkg'
[0.190s] Level 1:colcon.colcon_core.package_identification:_identify(go2_description) by extensions ['colcon_meta']
[0.190s] Level 1:colcon.colcon_core.package_identification:_identify(go2_description) by extension 'colcon_meta'
[0.190s] Level 1:colcon.colcon_core.package_identification:_identify(go2_description) by extensions ['ros']
[0.190s] Level 1:colcon.colcon_core.package_identification:_identify(go2_description) by extension 'ros'
[0.190s] DEBUG:colcon.colcon_core.package_identification:Package 'go2_description' with type 'ros.ament_cmake' and name 'go2_description'
[0.190s] Level 1:colcon.colcon_core.package_identification:_identify(install) by extensions ['ignore', 'ignore_ament_install']
[0.190s] Level 1:colcon.colcon_core.package_identification:_identify(install) by extension 'ignore'
[0.190s] Level 1:colcon.colcon_core.package_identification:_identify(install) ignored
[0.190s] Level 1:colcon.colcon_core.package_identification:_identify(log) by extensions ['ignore', 'ignore_ament_install']
[0.190s] Level 1:colcon.colcon_core.package_identification:_identify(log) by extension 'ignore'
[0.191s] Level 1:colcon.colcon_core.package_identification:_identify(log) ignored
[0.191s] Level 1:colcon.colcon_core.package_identification:_identify(mycar_description_detailed) by extensions ['ignore', 'ignore_ament_install']
[0.191s] Level 1:colcon.colcon_core.package_identification:_identify(mycar_description_detailed) by extension 'ignore'
[0.191s] Level 1:colcon.colcon_core.package_identification:_identify(mycar_description_detailed) by extension 'ignore_ament_install'
[0.191s] Level 1:colcon.colcon_core.package_identification:_identify(mycar_description_detailed) by extensions ['colcon_pkg']
[0.191s] Level 1:colcon.colcon_core.package_identification:_identify(mycar_description_detailed) by extension 'colcon_pkg'
[0.191s] Level 1:colcon.colcon_core.package_identification:_identify(mycar_description_detailed) by extensions ['colcon_meta']
[0.191s] Level 1:colcon.colcon_core.package_identification:_identify(mycar_description_detailed) by extension 'colcon_meta'
[0.191s] Level 1:colcon.colcon_core.package_identification:_identify(mycar_description_detailed) by extensions ['ros']
[0.191s] Level 1:colcon.colcon_core.package_identification:_identify(mycar_description_detailed) by extension 'ros'
[0.191s] DEBUG:colcon.colcon_core.package_identification:Package 'mycar_description_detailed' with type 'ros.ament_cmake' and name 'mycar_description_detailed'
[0.191s] Level 1:colcon.colcon_core.package_identification:_identify(mycar_description_sim) by extensions ['ignore', 'ignore_ament_install']
[0.191s] Level 1:colcon.colcon_core.package_identification:_identify(mycar_description_sim) by extension 'ignore'
[0.191s] Level 1:colcon.colcon_core.package_identification:_identify(mycar_description_sim) by extension 'ignore_ament_install'
[0.191s] Level 1:colcon.colcon_core.package_identification:_identify(mycar_description_sim) by extensions ['colcon_pkg']
[0.191s] Level 1:colcon.colcon_core.package_identification:_identify(mycar_description_sim) by extension 'colcon_pkg'
[0.191s] Level 1:colcon.colcon_core.package_identification:_identify(mycar_description_sim) by extensions ['colcon_meta']
[0.191s] Level 1:colcon.colcon_core.package_identification:_identify(mycar_description_sim) by extension 'colcon_meta'
[0.191s] Level 1:colcon.colcon_core.package_identification:_identify(mycar_description_sim) by extensions ['ros']
[0.191s] Level 1:colcon.colcon_core.package_identification:_identify(mycar_description_sim) by extension 'ros'
[0.192s] DEBUG:colcon.colcon_core.package_identification:Package 'mycar_description_sim' with type 'ros.ament_cmake' and name 'mycar_description_sim'
[0.192s] Level 1:colcon.colcon_core.package_discovery:discover_packages(recursive) using defaults
[0.192s] Level 1:colcon.colcon_core.package_discovery:discover_packages(ignore) discover
[0.192s] Level 1:colcon.colcon_core.package_discovery:discover_packages(ignore) using defaults
[0.192s] Level 1:colcon.colcon_core.package_discovery:discover_packages(path) discover
[0.192s] Level 1:colcon.colcon_core.package_discovery:discover_packages(path) using defaults
[0.212s] Level 1:colcon.colcon_core.package_discovery:discover_packages(prefix_path) check parameters
[0.212s] Level 1:colcon.colcon_core.package_discovery:discover_packages(prefix_path) discover
[0.218s] DEBUG:colcon.colcon_installed_package_information.package_discovery:Found 393 installed packages in /opt/ros/humble
[0.219s] Level 1:colcon.colcon_core.package_discovery:discover_packages(prefix_path) using defaults
[0.252s] Level 5:colcon.colcon_core.verb:set package 'demo_gazebo_sim' build argument 'cmake_args' from command line to 'None'
[0.252s] Level 5:colcon.colcon_core.verb:set package 'demo_gazebo_sim' build argument 'cmake_target' from command line to 'None'
[0.252s] Level 5:colcon.colcon_core.verb:set package 'demo_gazebo_sim' build argument 'cmake_target_skip_unavailable' from command line to 'False'
[0.252s] Level 5:colcon.colcon_core.verb:set package 'demo_gazebo_sim' build argument 'cmake_clean_cache' from command line to 'False'
[0.252s] Level 5:colcon.colcon_core.verb:set package 'demo_gazebo_sim' build argument 'cmake_clean_first' from command line to 'False'
[0.252s] Level 5:colcon.colcon_core.verb:set package 'demo_gazebo_sim' build argument 'cmake_force_configure' from command line to 'False'
[0.252s] Level 5:colcon.colcon_core.verb:set package 'demo_gazebo_sim' build argument 'ament_cmake_args' from command line to 'None'
[0.252s] Level 5:colcon.colcon_core.verb:set package 'demo_gazebo_sim' build argument 'catkin_cmake_args' from command line to 'None'
[0.252s] Level 5:colcon.colcon_core.verb:set package 'demo_gazebo_sim' build argument 'catkin_skip_building_tests' from command line to 'False'
[0.252s] DEBUG:colcon.colcon_core.verb:Building package 'demo_gazebo_sim' with the following arguments: {'ament_cmake_args': None, 'build_base': '/home/gg/ros2_nav2_ws/src/sim/sim_gazebo/build/demo_gazebo_sim', 'catkin_cmake_args': None, 'catkin_skip_building_tests': False, 'cmake_args': None, 'cmake_clean_cache': False, 'cmake_clean_first': False, 'cmake_force_configure': False, 'cmake_target': None, 'cmake_target_skip_unavailable': False, 'install_base': '/home/gg/ros2_nav2_ws/src/sim/sim_gazebo/install/demo_gazebo_sim', 'merge_install': False, 'path': '/home/gg/ros2_nav2_ws/src/sim/sim_gazebo/demo_gazebo_sim', 'symlink_install': False, 'test_result_base': None}
[0.252s] Level 5:colcon.colcon_core.verb:set package 'go2_description' build argument 'cmake_args' from command line to 'None'
[0.252s] Level 5:colcon.colcon_core.verb:set package 'go2_description' build argument 'cmake_target' from command line to 'None'
[0.252s] Level 5:colcon.colcon_core.verb:set package 'go2_description' build argument 'cmake_target_skip_unavailable' from command line to 'False'
[0.252s] Level 5:colcon.colcon_core.verb:set package 'go2_description' build argument 'cmake_clean_cache' from command line to 'False'
[0.252s] Level 5:colcon.colcon_core.verb:set package 'go2_description' build argument 'cmake_clean_first' from command line to 'False'
[0.252s] Level 5:colcon.colcon_core.verb:set package 'go2_description' build argument 'cmake_force_configure' from command line to 'False'
[0.252s] Level 5:colcon.colcon_core.verb:set package 'go2_description' build argument 'ament_cmake_args' from command line to 'None'
[0.252s] Level 5:colcon.colcon_core.verb:set package 'go2_description' build argument 'catkin_cmake_args' from command line to 'None'
[0.252s] Level 5:colcon.colcon_core.verb:set package 'go2_description' build argument 'catkin_skip_building_tests' from command line to 'False'
[0.252s] DEBUG:colcon.colcon_core.verb:Building package 'go2_description' with the following arguments: {'ament_cmake_args': None, 'build_base': '/home/gg/ros2_nav2_ws/src/sim/sim_gazebo/build/go2_description', 'catkin_cmake_args': None, 'catkin_skip_building_tests': False, 'cmake_args': None, 'cmake_clean_cache': False, 'cmake_clean_first': False, 'cmake_force_configure': False, 'cmake_target': None, 'cmake_target_skip_unavailable': False, 'install_base': '/home/gg/ros2_nav2_ws/src/sim/sim_gazebo/install/go2_description', 'merge_install': False, 'path': '/home/gg/ros2_nav2_ws/src/sim/sim_gazebo/go2_description', 'symlink_install': False, 'test_result_base': None}
[0.252s] Level 5:colcon.colcon_core.verb:set package 'mycar_description_detailed' build argument 'cmake_args' from command line to 'None'
[0.252s] Level 5:colcon.colcon_core.verb:set package 'mycar_description_detailed' build argument 'cmake_target' from command line to 'None'
[0.252s] Level 5:colcon.colcon_core.verb:set package 'mycar_description_detailed' build argument 'cmake_target_skip_unavailable' from command line to 'False'
[0.252s] Level 5:colcon.colcon_core.verb:set package 'mycar_description_detailed' build argument 'cmake_clean_cache' from command line to 'False'
[0.253s] Level 5:colcon.colcon_core.verb:set package 'mycar_description_detailed' build argument 'cmake_clean_first' from command line to 'False'
[0.253s] Level 5:colcon.colcon_core.verb:set package 'mycar_description_detailed' build argument 'cmake_force_configure' from command line to 'False'
[0.253s] Level 5:colcon.colcon_core.verb:set package 'mycar_description_detailed' build argument 'ament_cmake_args' from command line to 'None'
[0.253s] Level 5:colcon.colcon_core.verb:set package 'mycar_description_detailed' build argument 'catkin_cmake_args' from command line to 'None'
[0.253s] Level 5:colcon.colcon_core.verb:set package 'mycar_description_detailed' build argument 'catkin_skip_building_tests' from command line to 'False'
[0.253s] DEBUG:colcon.colcon_core.verb:Building package 'mycar_description_detailed' with the following arguments: {'ament_cmake_args': None, 'build_base': '/home/gg/ros2_nav2_ws/src/sim/sim_gazebo/build/mycar_description_detailed', 'catkin_cmake_args': None, 'catkin_skip_building_tests': False, 'cmake_args': None, 'cmake_clean_cache': False, 'cmake_clean_first': False, 'cmake_force_configure': False, 'cmake_target': None, 'cmake_target_skip_unavailable': False, 'install_base': '/home/gg/ros2_nav2_ws/src/sim/sim_gazebo/install/mycar_description_detailed', 'merge_install': False, 'path': '/home/gg/ros2_nav2_ws/src/sim/sim_gazebo/mycar_description_detailed', 'symlink_install': False, 'test_result_base': None}
[0.253s] Level 5:colcon.colcon_core.verb:set package 'mycar_description_sim' build argument 'cmake_args' from command line to 'None'
[0.253s] Level 5:colcon.colcon_core.verb:set package 'mycar_description_sim' build argument 'cmake_target' from command line to 'None'
[0.253s] Level 5:colcon.colcon_core.verb:set package 'mycar_description_sim' build argument 'cmake_target_skip_unavailable' from command line to 'False'
[0.253s] Level 5:colcon.colcon_core.verb:set package 'mycar_description_sim' build argument 'cmake_clean_cache' from command line to 'False'
[0.253s] Level 5:colcon.colcon_core.verb:set package 'mycar_description_sim' build argument 'cmake_clean_first' from command line to 'False'
[0.253s] Level 5:colcon.colcon_core.verb:set package 'mycar_description_sim' build argument 'cmake_force_configure' from command line to 'False'
[0.253s] Level 5:colcon.colcon_core.verb:set package 'mycar_description_sim' build argument 'ament_cmake_args' from command line to 'None'
[0.253s] Level 5:colcon.colcon_core.verb:set package 'mycar_description_sim' build argument 'catkin_cmake_args' from command line to 'None'
[0.253s] Level 5:colcon.colcon_core.verb:set package 'mycar_description_sim' build argument 'catkin_skip_building_tests' from command line to 'False'
[0.253s] DEBUG:colcon.colcon_core.verb:Building package 'mycar_description_sim' with the following arguments: {'ament_cmake_args': None, 'build_base': '/home/gg/ros2_nav2_ws/src/sim/sim_gazebo/build/mycar_description_sim', 'catkin_cmake_args': None, 'catkin_skip_building_tests': False, 'cmake_args': None, 'cmake_clean_cache': False, 'cmake_clean_first': False, 'cmake_force_configure': False, 'cmake_target': None, 'cmake_target_skip_unavailable': False, 'install_base': '/home/gg/ros2_nav2_ws/src/sim/sim_gazebo/install/mycar_description_sim', 'merge_install': False, 'path': '/home/gg/ros2_nav2_ws/src/sim/sim_gazebo/mycar_description_sim', 'symlink_install': False, 'test_result_base': None}
[0.253s] INFO:colcon.colcon_core.executor:Executing jobs using 'parallel' executor
[0.254s] DEBUG:colcon.colcon_parallel_executor.executor.parallel:run_until_complete
[0.254s] INFO:colcon.colcon_ros.task.ament_cmake.build:Building ROS package in '/home/gg/ros2_nav2_ws/src/sim/sim_gazebo/demo_gazebo_sim' with build type 'ament_cmake'
[0.254s] INFO:colcon.colcon_cmake.task.cmake.build:Building CMake package in '/home/gg/ros2_nav2_ws/src/sim/sim_gazebo/demo_gazebo_sim'
[0.259s] INFO:colcon.colcon_core.plugin_system:Skipping extension 'colcon_core.shell.bat': Not used on non-Windows systems
[0.259s] INFO:colcon.colcon_core.shell:Skip shell extension 'powershell' for command environment: Not usable outside of PowerShell
[0.259s] DEBUG:colcon.colcon_core.shell:Skip shell extension 'dsv' for command environment
[0.262s] INFO:colcon.colcon_ros.task.ament_cmake.build:Building ROS package in '/home/gg/ros2_nav2_ws/src/sim/sim_gazebo/go2_description' with build type 'ament_cmake'
[0.262s] INFO:colcon.colcon_cmake.task.cmake.build:Building CMake package in '/home/gg/ros2_nav2_ws/src/sim/sim_gazebo/go2_description'
[0.262s] INFO:colcon.colcon_core.shell:Skip shell extension 'powershell' for command environment: Not usable outside of PowerShell
[0.262s] DEBUG:colcon.colcon_core.shell:Skip shell extension 'dsv' for command environment
[0.265s] INFO:colcon.colcon_ros.task.ament_cmake.build:Building ROS package in '/home/gg/ros2_nav2_ws/src/sim/sim_gazebo/mycar_description_detailed' with build type 'ament_cmake'
[0.265s] INFO:colcon.colcon_cmake.task.cmake.build:Building CMake package in '/home/gg/ros2_nav2_ws/src/sim/sim_gazebo/mycar_description_detailed'
[0.265s] INFO:colcon.colcon_core.shell:Skip shell extension 'powershell' for command environment: Not usable outside of PowerShell
[0.265s] DEBUG:colcon.colcon_core.shell:Skip shell extension 'dsv' for command environment
[0.267s] INFO:colcon.colcon_ros.task.ament_cmake.build:Building ROS package in '/home/gg/ros2_nav2_ws/src/sim/sim_gazebo/mycar_description_sim' with build type 'ament_cmake'
[0.267s] INFO:colcon.colcon_cmake.task.cmake.build:Building CMake package in '/home/gg/ros2_nav2_ws/src/sim/sim_gazebo/mycar_description_sim'
[0.267s] INFO:colcon.colcon_core.shell:Skip shell extension 'powershell' for command environment: Not usable outside of PowerShell
[0.268s] DEBUG:colcon.colcon_core.shell:Skip shell extension 'dsv' for command environment
[0.271s] DEBUG:colcon.colcon_core.event_handler.log_command:Invoking command in '/home/gg/ros2_nav2_ws/src/sim/sim_gazebo/build/demo_gazebo_sim': CMAKE_PREFIX_PATH=/opt/ros/humble /usr/bin/cmake /home/gg/ros2_nav2_ws/src/sim/sim_gazebo/demo_gazebo_sim -DCMAKE_INSTALL_PREFIX=/home/gg/ros2_nav2_ws/src/sim/sim_gazebo/install/demo_gazebo_sim
[0.276s] DEBUG:colcon.colcon_core.event_handler.log_command:Invoking command in '/home/gg/ros2_nav2_ws/src/sim/sim_gazebo/build/go2_description': CMAKE_PREFIX_PATH=/opt/ros/humble /usr/bin/cmake /home/gg/ros2_nav2_ws/src/sim/sim_gazebo/go2_description -DCMAKE_INSTALL_PREFIX=/home/gg/ros2_nav2_ws/src/sim/sim_gazebo/install/go2_description
[0.281s] DEBUG:colcon.colcon_core.event_handler.log_command:Invoking command in '/home/gg/ros2_nav2_ws/src/sim/sim_gazebo/build/mycar_description_detailed': CMAKE_PREFIX_PATH=/opt/ros/humble /usr/bin/cmake /home/gg/ros2_nav2_ws/src/sim/sim_gazebo/mycar_description_detailed -DCMAKE_INSTALL_PREFIX=/home/gg/ros2_nav2_ws/src/sim/sim_gazebo/install/mycar_description_detailed
[0.282s] DEBUG:colcon.colcon_core.event_handler.log_command:Invoking command in '/home/gg/ros2_nav2_ws/src/sim/sim_gazebo/build/mycar_description_sim': CMAKE_PREFIX_PATH=/opt/ros/humble /usr/bin/cmake /home/gg/ros2_nav2_ws/src/sim/sim_gazebo/mycar_description_sim -DCMAKE_INSTALL_PREFIX=/home/gg/ros2_nav2_ws/src/sim/sim_gazebo/install/mycar_description_sim
[0.915s] DEBUG:colcon.colcon_core.event_handler.log_command:Invoked command in '/home/gg/ros2_nav2_ws/src/sim/sim_gazebo/build/mycar_description_sim' returned '1': CMAKE_PREFIX_PATH=/opt/ros/humble /usr/bin/cmake /home/gg/ros2_nav2_ws/src/sim/sim_gazebo/mycar_description_sim -DCMAKE_INSTALL_PREFIX=/home/gg/ros2_nav2_ws/src/sim/sim_gazebo/install/mycar_description_sim
[0.925s] Level 1:colcon.colcon_core.environment:create_environment_scripts_only(mycar_description_sim)
[0.929s] Level 1:colcon.colcon_core.environment:checking '/home/gg/ros2_nav2_ws/src/sim/sim_gazebo/install/mycar_description_sim' for CMake module files
[0.929s] Level 1:colcon.colcon_core.environment:checking '/home/gg/ros2_nav2_ws/src/sim/sim_gazebo/install/mycar_description_sim' for CMake config files
[0.929s] Level 1:colcon.colcon_core.environment:checking '/home/gg/ros2_nav2_ws/src/sim/sim_gazebo/install/mycar_description_sim/bin'
[0.929s] Level 1:colcon.colcon_core.environment:checking '/home/gg/ros2_nav2_ws/src/sim/sim_gazebo/install/mycar_description_sim/lib/pkgconfig/mycar_description_sim.pc'
[0.929s] Level 1:colcon.colcon_core.environment:checking '/home/gg/ros2_nav2_ws/src/sim/sim_gazebo/install/mycar_description_sim/lib/python3.10/site-packages'
[0.929s] Level 1:colcon.colcon_core.environment:checking '/home/gg/ros2_nav2_ws/src/sim/sim_gazebo/install/mycar_description_sim/bin'
[0.930s] INFO:colcon.colcon_core.shell:Creating package script '/home/gg/ros2_nav2_ws/src/sim/sim_gazebo/install/mycar_description_sim/share/mycar_description_sim/package.ps1'
[0.931s] INFO:colcon.colcon_core.shell:Creating package descriptor '/home/gg/ros2_nav2_ws/src/sim/sim_gazebo/install/mycar_description_sim/share/mycar_description_sim/package.dsv'
[0.932s] INFO:colcon.colcon_core.shell:Creating package script '/home/gg/ros2_nav2_ws/src/sim/sim_gazebo/install/mycar_description_sim/share/mycar_description_sim/package.sh'
[0.933s] INFO:colcon.colcon_core.shell:Creating package script '/home/gg/ros2_nav2_ws/src/sim/sim_gazebo/install/mycar_description_sim/share/mycar_description_sim/package.bash'
[0.934s] INFO:colcon.colcon_core.shell:Creating package script '/home/gg/ros2_nav2_ws/src/sim/sim_gazebo/install/mycar_description_sim/share/mycar_description_sim/package.zsh'
[0.935s] Level 1:colcon.colcon_core.environment:create_file_with_runtime_dependencies(/home/gg/ros2_nav2_ws/src/sim/sim_gazebo/install/mycar_description_sim/share/colcon-core/packages/mycar_description_sim)
[0.953s] DEBUG:colcon.colcon_parallel_executor.executor.parallel:closing loop
[0.953s] DEBUG:colcon.colcon_parallel_executor.executor.parallel:loop closed
[0.953s] DEBUG:colcon.colcon_parallel_executor.executor.parallel:run_until_complete finished with '1'
[0.953s] DEBUG:colcon.colcon_core.event_reactor:joining thread
[0.959s] INFO:colcon.colcon_core.plugin_system:Skipping extension 'colcon_notification.desktop_notification.terminal_notifier': Not used on non-Darwin systems
[0.959s] INFO:colcon.colcon_core.plugin_system:Skipping extension 'colcon_notification.desktop_notification.win32': Not used on non-Windows systems
[0.959s] INFO:colcon.colcon_notification.desktop_notification:Sending desktop notification using 'notify2'
[0.974s] DEBUG:colcon.colcon_core.event_reactor:joined thread
[0.974s] INFO:colcon.colcon_core.shell:Creating prefix script '/home/gg/ros2_nav2_ws/src/sim/sim_gazebo/install/local_setup.ps1'
[0.975s] INFO:colcon.colcon_core.shell:Creating prefix util module '/home/gg/ros2_nav2_ws/src/sim/sim_gazebo/install/_local_setup_util_ps1.py'
[0.976s] INFO:colcon.colcon_core.shell:Creating prefix chain script '/home/gg/ros2_nav2_ws/src/sim/sim_gazebo/install/setup.ps1'
[0.977s] INFO:colcon.colcon_core.shell:Creating prefix script '/home/gg/ros2_nav2_ws/src/sim/sim_gazebo/install/local_setup.sh'
[0.977s] INFO:colcon.colcon_core.shell:Creating prefix util module '/home/gg/ros2_nav2_ws/src/sim/sim_gazebo/install/_local_setup_util_sh.py'
[0.977s] INFO:colcon.colcon_core.shell:Creating prefix chain script '/home/gg/ros2_nav2_ws/src/sim/sim_gazebo/install/setup.sh'
[0.978s] INFO:colcon.colcon_core.shell:Creating prefix script '/home/gg/ros2_nav2_ws/src/sim/sim_gazebo/install/local_setup.bash'
[0.979s] INFO:colcon.colcon_core.shell:Creating prefix chain script '/home/gg/ros2_nav2_ws/src/sim/sim_gazebo/install/setup.bash'
[0.980s] INFO:colcon.colcon_core.shell:Creating prefix script '/home/gg/ros2_nav2_ws/src/sim/sim_gazebo/install/local_setup.zsh'
[0.980s] INFO:colcon.colcon_core.shell:Creating prefix chain script '/home/gg/ros2_nav2_ws/src/sim/sim_gazebo/install/setup.zsh'
