[0.018s] Invoking command in '/home/gg/ros2_nav2_ws/src/sim/sim_gazebo/build/mycar_description_sim': CMAKE_PREFIX_PATH=/opt/ros/humble /usr/bin/cmake /home/gg/ros2_nav2_ws/src/sim/sim_gazebo/mycar_description_sim -DCMAKE_INSTALL_PREFIX=/home/gg/ros2_nav2_ws/src/sim/sim_gazebo/install/mycar_description_sim
[0.028s] -- Found ament_cmake: 1.3.12 (/opt/ros/humble/share/ament_cmake/cmake)
[0.108s] -- Found ament_lint_auto: 0.12.14 (/opt/ros/humble/share/ament_lint_auto/cmake)
[0.156s] -- Added test 'flake8' to check Python code syntax and style conventions
[0.157s] -- Added test 'lint_cmake' to check CMake code style
[0.157s] -- Added test 'pep257' to check Python code against some of the docstring style conventions in PEP 257
[0.158s] -- Added test 'xmllint' to check XML markup files
[0.160s] -- Configuring done
[0.162s] -- Generating done
[0.163s] -- Build files have been written to: /home/gg/ros2_nav2_ws/src/sim/sim_gazebo/build/mycar_description_sim
[0.172s] Invoked command in '/home/gg/ros2_nav2_ws/src/sim/sim_gazebo/build/mycar_description_sim' returned '0': CMAKE_PREFIX_PATH=/opt/ros/humble /usr/bin/cmake /home/gg/ros2_nav2_ws/src/sim/sim_gazebo/mycar_description_sim -DCMAKE_INSTALL_PREFIX=/home/gg/ros2_nav2_ws/src/sim/sim_gazebo/install/mycar_description_sim
[0.173s] Invoking command in '/home/gg/ros2_nav2_ws/src/sim/sim_gazebo/build/mycar_description_sim': CMAKE_PREFIX_PATH=/opt/ros/humble /usr/bin/cmake --build /home/gg/ros2_nav2_ws/src/sim/sim_gazebo/build/mycar_description_sim -- -j24 -l24
[0.200s] Invoked command in '/home/gg/ros2_nav2_ws/src/sim/sim_gazebo/build/mycar_description_sim' returned '0': CMAKE_PREFIX_PATH=/opt/ros/humble /usr/bin/cmake --build /home/gg/ros2_nav2_ws/src/sim/sim_gazebo/build/mycar_description_sim -- -j24 -l24
[0.201s] Invoking command in '/home/gg/ros2_nav2_ws/src/sim/sim_gazebo/build/mycar_description_sim': CMAKE_PREFIX_PATH=/opt/ros/humble /usr/bin/cmake --install /home/gg/ros2_nav2_ws/src/sim/sim_gazebo/build/mycar_description_sim
[0.206s] -- Install configuration: ""
[0.206s] -- Installing: /home/gg/ros2_nav2_ws/src/sim/sim_gazebo/install/mycar_description_sim/share/mycar_description_sim/launch
[0.206s] -- Installing: /home/gg/ros2_nav2_ws/src/sim/sim_gazebo/install/mycar_description_sim/share/mycar_description_sim/launch/mycar_desc.launch.py
[0.206s] -- Installing: /home/gg/ros2_nav2_ws/src/sim/sim_gazebo/install/mycar_description_sim/share/mycar_description_sim/urdf
[0.206s] -- Installing: /home/gg/ros2_nav2_ws/src/sim/sim_gazebo/install/mycar_description_sim/share/mycar_description_sim/urdf/arduino.urdf
[0.206s] -- Installing: /home/gg/ros2_nav2_ws/src/sim/sim_gazebo/install/mycar_description_sim/share/mycar_description_sim/urdf/stm32_2w.urdf
[0.206s] -- Installing: /home/gg/ros2_nav2_ws/src/sim/sim_gazebo/install/mycar_description_sim/share/mycar_description_sim/urdf/stm32_4w.urdf
[0.206s] -- Installing: /home/gg/ros2_nav2_ws/src/sim/sim_gazebo/install/mycar_description_sim/share/mycar_description_sim/mesh
[0.206s] -- Installing: /home/gg/ros2_nav2_ws/src/sim/sim_gazebo/install/mycar_description_sim/share/mycar_description_sim/mesh/mycar_2w.stl
[0.238s] -- Installing: /home/gg/ros2_nav2_ws/src/sim/sim_gazebo/install/mycar_description_sim/share/mycar_description_sim/mesh/mycar_4w.stl
[0.254s] -- Installing: /home/gg/ros2_nav2_ws/src/sim/sim_gazebo/install/mycar_description_sim/share/mycar_description_sim/rviz
[0.255s] -- Installing: /home/gg/ros2_nav2_ws/src/sim/sim_gazebo/install/mycar_description_sim/share/mycar_description_sim/rviz/mycar.rviz
[0.255s] -- Installing: /home/gg/ros2_nav2_ws/src/sim/sim_gazebo/install/mycar_description_sim/share/ament_index/resource_index/package_run_dependencies/mycar_description_sim
[0.255s] -- Installing: /home/gg/ros2_nav2_ws/src/sim/sim_gazebo/install/mycar_description_sim/share/ament_index/resource_index/parent_prefix_path/mycar_description_sim
[0.255s] -- Installing: /home/gg/ros2_nav2_ws/src/sim/sim_gazebo/install/mycar_description_sim/share/mycar_description_sim/environment/ament_prefix_path.sh
[0.255s] -- Installing: /home/gg/ros2_nav2_ws/src/sim/sim_gazebo/install/mycar_description_sim/share/mycar_description_sim/environment/ament_prefix_path.dsv
[0.255s] -- Installing: /home/gg/ros2_nav2_ws/src/sim/sim_gazebo/install/mycar_description_sim/share/mycar_description_sim/environment/path.sh
[0.255s] -- Installing: /home/gg/ros2_nav2_ws/src/sim/sim_gazebo/install/mycar_description_sim/share/mycar_description_sim/environment/path.dsv
[0.255s] -- Installing: /home/gg/ros2_nav2_ws/src/sim/sim_gazebo/install/mycar_description_sim/share/mycar_description_sim/local_setup.bash
[0.255s] -- Installing: /home/gg/ros2_nav2_ws/src/sim/sim_gazebo/install/mycar_description_sim/share/mycar_description_sim/local_setup.sh
[0.255s] -- Installing: /home/gg/ros2_nav2_ws/src/sim/sim_gazebo/install/mycar_description_sim/share/mycar_description_sim/local_setup.zsh
[0.255s] -- Installing: /home/gg/ros2_nav2_ws/src/sim/sim_gazebo/install/mycar_description_sim/share/mycar_description_sim/local_setup.dsv
[0.255s] -- Installing: /home/gg/ros2_nav2_ws/src/sim/sim_gazebo/install/mycar_description_sim/share/mycar_description_sim/package.dsv
[0.256s] -- Installing: /home/gg/ros2_nav2_ws/src/sim/sim_gazebo/install/mycar_description_sim/share/ament_index/resource_index/packages/mycar_description_sim
[0.256s] -- Installing: /home/gg/ros2_nav2_ws/src/sim/sim_gazebo/install/mycar_description_sim/share/mycar_description_sim/cmake/mycar_description_simConfig.cmake
[0.256s] -- Installing: /home/gg/ros2_nav2_ws/src/sim/sim_gazebo/install/mycar_description_sim/share/mycar_description_sim/cmake/mycar_description_simConfig-version.cmake
[0.256s] -- Installing: /home/gg/ros2_nav2_ws/src/sim/sim_gazebo/install/mycar_description_sim/share/mycar_description_sim/package.xml
[0.258s] Invoked command in '/home/gg/ros2_nav2_ws/src/sim/sim_gazebo/build/mycar_description_sim' returned '0': CMAKE_PREFIX_PATH=/opt/ros/humble /usr/bin/cmake --install /home/gg/ros2_nav2_ws/src/sim/sim_gazebo/build/mycar_description_sim
