-- Install configuration: ""
-- Installing: /home/gg/ros2_nav2_ws/src/sim/sim_gazebo/install/demo_gazebo_sim/share/demo_gazebo_sim/launch
-- Installing: /home/gg/ros2_nav2_ws/src/sim/sim_gazebo/install/demo_gazebo_sim/share/demo_gazebo_sim/launch/gazebo_sim_world.launch.py
-- Installing: /home/gg/ros2_nav2_ws/src/sim/sim_gazebo/install/demo_gazebo_sim/share/demo_gazebo_sim/launch/__pycache__
-- Installing: /home/gg/ros2_nav2_ws/src/sim/sim_gazebo/install/demo_gazebo_sim/share/demo_gazebo_sim/launch/__pycache__/gazebo_sim_world.launch.cpython-310.pyc
-- Installing: /home/gg/ros2_nav2_ws/src/sim/sim_gazebo/install/demo_gazebo_sim/share/demo_gazebo_sim/launch/gazebo_sim_demo.launch.py
-- Installing: /home/gg/ros2_nav2_ws/src/sim/sim_gazebo/install/demo_gazebo_sim/share/demo_gazebo_sim/rviz
-- Installing: /home/gg/ros2_nav2_ws/src/sim/sim_gazebo/install/demo_gazebo_sim/share/demo_gazebo_sim/rviz/sim.rviz
-- Installing: /home/gg/ros2_nav2_ws/src/sim/sim_gazebo/install/demo_gazebo_sim/share/demo_gazebo_sim/rviz/sim_world.rviz
-- Installing: /home/gg/ros2_nav2_ws/src/sim/sim_gazebo/install/demo_gazebo_sim/share/demo_gazebo_sim/world
-- Installing: /home/gg/ros2_nav2_ws/src/sim/sim_gazebo/install/demo_gazebo_sim/share/demo_gazebo_sim/world/house.sdf
-- Installing: /home/gg/ros2_nav2_ws/src/sim/sim_gazebo/install/demo_gazebo_sim/share/demo_gazebo_sim/world/house__.sdf
-- Installing: /home/gg/ros2_nav2_ws/src/sim/sim_gazebo/install/demo_gazebo_sim/share/demo_gazebo_sim/world/visualize_lidar.sdf
-- Installing: /home/gg/ros2_nav2_ws/src/sim/sim_gazebo/install/demo_gazebo_sim/share/ament_index/resource_index/package_run_dependencies/demo_gazebo_sim
-- Installing: /home/gg/ros2_nav2_ws/src/sim/sim_gazebo/install/demo_gazebo_sim/share/ament_index/resource_index/parent_prefix_path/demo_gazebo_sim
-- Installing: /home/gg/ros2_nav2_ws/src/sim/sim_gazebo/install/demo_gazebo_sim/share/demo_gazebo_sim/environment/ament_prefix_path.sh
-- Installing: /home/gg/ros2_nav2_ws/src/sim/sim_gazebo/install/demo_gazebo_sim/share/demo_gazebo_sim/environment/ament_prefix_path.dsv
-- Installing: /home/gg/ros2_nav2_ws/src/sim/sim_gazebo/install/demo_gazebo_sim/share/demo_gazebo_sim/environment/path.sh
-- Installing: /home/gg/ros2_nav2_ws/src/sim/sim_gazebo/install/demo_gazebo_sim/share/demo_gazebo_sim/environment/path.dsv
-- Installing: /home/gg/ros2_nav2_ws/src/sim/sim_gazebo/install/demo_gazebo_sim/share/demo_gazebo_sim/local_setup.bash
-- Installing: /home/gg/ros2_nav2_ws/src/sim/sim_gazebo/install/demo_gazebo_sim/share/demo_gazebo_sim/local_setup.sh
-- Installing: /home/gg/ros2_nav2_ws/src/sim/sim_gazebo/install/demo_gazebo_sim/share/demo_gazebo_sim/local_setup.zsh
-- Installing: /home/gg/ros2_nav2_ws/src/sim/sim_gazebo/install/demo_gazebo_sim/share/demo_gazebo_sim/local_setup.dsv
-- Installing: /home/gg/ros2_nav2_ws/src/sim/sim_gazebo/install/demo_gazebo_sim/share/demo_gazebo_sim/package.dsv
-- Installing: /home/gg/ros2_nav2_ws/src/sim/sim_gazebo/install/demo_gazebo_sim/share/ament_index/resource_index/packages/demo_gazebo_sim
-- Installing: /home/gg/ros2_nav2_ws/src/sim/sim_gazebo/install/demo_gazebo_sim/share/demo_gazebo_sim/cmake/demo_gazebo_simConfig.cmake
-- Installing: /home/gg/ros2_nav2_ws/src/sim/sim_gazebo/install/demo_gazebo_sim/share/demo_gazebo_sim/cmake/demo_gazebo_simConfig-version.cmake
-- Installing: /home/gg/ros2_nav2_ws/src/sim/sim_gazebo/install/demo_gazebo_sim/share/demo_gazebo_sim/package.xml
