[0.014s] Invoking command in '/home/gg/ros2_nav2_ws/src/sim/sim_gazebo/build/demo_gazebo_sim': CMAKE_PREFIX_PATH=/opt/ros/humble /usr/bin/cmake --build /home/gg/ros2_nav2_ws/src/sim/sim_gazebo/build/demo_gazebo_sim -- -j24 -l24
[0.064s] Invoked command in '/home/gg/ros2_nav2_ws/src/sim/sim_gazebo/build/demo_gazebo_sim' returned '0': CMAKE_PREFIX_PATH=/opt/ros/humble /usr/bin/cmake --build /home/gg/ros2_nav2_ws/src/sim/sim_gazebo/build/demo_gazebo_sim -- -j24 -l24
[0.068s] Invoking command in '/home/gg/ros2_nav2_ws/src/sim/sim_gazebo/build/demo_gazebo_sim': CMAKE_PREFIX_PATH=/opt/ros/humble /usr/bin/cmake --install /home/gg/ros2_nav2_ws/src/sim/sim_gazebo/build/demo_gazebo_sim
[0.071s] -- Install configuration: ""
[0.071s] -- Installing: /home/gg/ros2_nav2_ws/src/sim/sim_gazebo/install/demo_gazebo_sim/share/demo_gazebo_sim/launch
[0.071s] -- Installing: /home/gg/ros2_nav2_ws/src/sim/sim_gazebo/install/demo_gazebo_sim/share/demo_gazebo_sim/launch/gazebo_sim_world.launch.py
[0.071s] -- Installing: /home/gg/ros2_nav2_ws/src/sim/sim_gazebo/install/demo_gazebo_sim/share/demo_gazebo_sim/launch/__pycache__
[0.071s] -- Installing: /home/gg/ros2_nav2_ws/src/sim/sim_gazebo/install/demo_gazebo_sim/share/demo_gazebo_sim/launch/__pycache__/gazebo_sim_world.launch.cpython-310.pyc
[0.071s] -- Installing: /home/gg/ros2_nav2_ws/src/sim/sim_gazebo/install/demo_gazebo_sim/share/demo_gazebo_sim/launch/gazebo_sim_demo.launch.py
[0.071s] -- Installing: /home/gg/ros2_nav2_ws/src/sim/sim_gazebo/install/demo_gazebo_sim/share/demo_gazebo_sim/rviz
[0.071s] -- Installing: /home/gg/ros2_nav2_ws/src/sim/sim_gazebo/install/demo_gazebo_sim/share/demo_gazebo_sim/rviz/sim.rviz
[0.072s] -- Installing: /home/gg/ros2_nav2_ws/src/sim/sim_gazebo/install/demo_gazebo_sim/share/demo_gazebo_sim/rviz/sim_world.rviz
[0.072s] -- Installing: /home/gg/ros2_nav2_ws/src/sim/sim_gazebo/install/demo_gazebo_sim/share/demo_gazebo_sim/world
[0.072s] -- Installing: /home/gg/ros2_nav2_ws/src/sim/sim_gazebo/install/demo_gazebo_sim/share/demo_gazebo_sim/world/house.sdf
[0.072s] -- Installing: /home/gg/ros2_nav2_ws/src/sim/sim_gazebo/install/demo_gazebo_sim/share/demo_gazebo_sim/world/house__.sdf
[0.072s] -- Installing: /home/gg/ros2_nav2_ws/src/sim/sim_gazebo/install/demo_gazebo_sim/share/demo_gazebo_sim/world/visualize_lidar.sdf
[0.072s] -- Installing: /home/gg/ros2_nav2_ws/src/sim/sim_gazebo/install/demo_gazebo_sim/share/ament_index/resource_index/package_run_dependencies/demo_gazebo_sim
[0.072s] -- Installing: /home/gg/ros2_nav2_ws/src/sim/sim_gazebo/install/demo_gazebo_sim/share/ament_index/resource_index/parent_prefix_path/demo_gazebo_sim
[0.072s] -- Installing: /home/gg/ros2_nav2_ws/src/sim/sim_gazebo/install/demo_gazebo_sim/share/demo_gazebo_sim/environment/ament_prefix_path.sh
[0.072s] -- Installing: /home/gg/ros2_nav2_ws/src/sim/sim_gazebo/install/demo_gazebo_sim/share/demo_gazebo_sim/environment/ament_prefix_path.dsv
[0.072s] -- Installing: /home/gg/ros2_nav2_ws/src/sim/sim_gazebo/install/demo_gazebo_sim/share/demo_gazebo_sim/environment/path.sh
[0.072s] -- Installing: /home/gg/ros2_nav2_ws/src/sim/sim_gazebo/install/demo_gazebo_sim/share/demo_gazebo_sim/environment/path.dsv
[0.072s] -- Installing: /home/gg/ros2_nav2_ws/src/sim/sim_gazebo/install/demo_gazebo_sim/share/demo_gazebo_sim/local_setup.bash
[0.072s] -- Installing: /home/gg/ros2_nav2_ws/src/sim/sim_gazebo/install/demo_gazebo_sim/share/demo_gazebo_sim/local_setup.sh
[0.072s] -- Installing: /home/gg/ros2_nav2_ws/src/sim/sim_gazebo/install/demo_gazebo_sim/share/demo_gazebo_sim/local_setup.zsh
[0.073s] -- Installing: /home/gg/ros2_nav2_ws/src/sim/sim_gazebo/install/demo_gazebo_sim/share/demo_gazebo_sim/local_setup.dsv
[0.073s] -- Installing: /home/gg/ros2_nav2_ws/src/sim/sim_gazebo/install/demo_gazebo_sim/share/demo_gazebo_sim/package.dsv
[0.073s] -- Installing: /home/gg/ros2_nav2_ws/src/sim/sim_gazebo/install/demo_gazebo_sim/share/ament_index/resource_index/packages/demo_gazebo_sim
[0.073s] -- Installing: /home/gg/ros2_nav2_ws/src/sim/sim_gazebo/install/demo_gazebo_sim/share/demo_gazebo_sim/cmake/demo_gazebo_simConfig.cmake
[0.073s] -- Installing: /home/gg/ros2_nav2_ws/src/sim/sim_gazebo/install/demo_gazebo_sim/share/demo_gazebo_sim/cmake/demo_gazebo_simConfig-version.cmake
[0.073s] -- Installing: /home/gg/ros2_nav2_ws/src/sim/sim_gazebo/install/demo_gazebo_sim/share/demo_gazebo_sim/package.xml
[0.075s] Invoked command in '/home/gg/ros2_nav2_ws/src/sim/sim_gazebo/build/demo_gazebo_sim' returned '0': CMAKE_PREFIX_PATH=/opt/ros/humble /usr/bin/cmake --install /home/gg/ros2_nav2_ws/src/sim/sim_gazebo/build/demo_gazebo_sim
