-- Install configuration: ""
-- Installing: /home/gg/ros2_nav2_ws/src/sim/sim_gazebo/install/mycar_description_detailed/share/mycar_description_detailed/launch
-- Installing: /home/gg/ros2_nav2_ws/src/sim/sim_gazebo/install/mycar_description_detailed/share/mycar_description_detailed/launch/mycar_desc_sim.launch.py
-- Installing: /home/gg/ros2_nav2_ws/src/sim/sim_gazebo/install/mycar_description_detailed/share/mycar_description_detailed/launch/mycar_desc.launch.py
-- Installing: /home/gg/ros2_nav2_ws/src/sim/sim_gazebo/install/mycar_description_detailed/share/mycar_description_detailed/urdf
-- Installing: /home/gg/ros2_nav2_ws/src/sim/sim_gazebo/install/mycar_description_detailed/share/mycar_description_detailed/urdf/arduino.urdf
-- Installing: /home/gg/ros2_nav2_ws/src/sim/sim_gazebo/install/mycar_description_detailed/share/mycar_description_detailed/urdf/stm32_2w.urdf
-- Installing: /home/gg/ros2_nav2_ws/src/sim/sim_gazebo/install/mycar_description_detailed/share/mycar_description_detailed/urdf/stm32_2w_change.urdf
-- Installing: /home/gg/ros2_nav2_ws/src/sim/sim_gazebo/install/mycar_description_detailed/share/mycar_description_detailed/urdf/stm32_4w.urdf
-- Installing: /home/gg/ros2_nav2_ws/src/sim/sim_gazebo/install/mycar_description_detailed/share/mycar_description_detailed/urdf/stm32_4w_change.urdf
-- Installing: /home/gg/ros2_nav2_ws/src/sim/sim_gazebo/install/mycar_description_detailed/share/mycar_description_detailed/mesh
-- Installing: /home/gg/ros2_nav2_ws/src/sim/sim_gazebo/install/mycar_description_detailed/share/mycar_description_detailed/mesh/diff_4w
-- Installing: /home/gg/ros2_nav2_ws/src/sim/sim_gazebo/install/mycar_description_detailed/share/mycar_description_detailed/mesh/diff_4w/laser_link.STL
-- Installing: /home/gg/ros2_nav2_ws/src/sim/sim_gazebo/install/mycar_description_detailed/share/mycar_description_detailed/mesh/diff_4w/right_former_link.STL
-- Installing: /home/gg/ros2_nav2_ws/src/sim/sim_gazebo/install/mycar_description_detailed/share/mycar_description_detailed/mesh/diff_4w/left_rear_link.STL
-- Installing: /home/gg/ros2_nav2_ws/src/sim/sim_gazebo/install/mycar_description_detailed/share/mycar_description_detailed/mesh/diff_4w/camera_link.STL
-- Installing: /home/gg/ros2_nav2_ws/src/sim/sim_gazebo/install/mycar_description_detailed/share/mycar_description_detailed/mesh/diff_4w/right_rear_link.STL
-- Installing: /home/gg/ros2_nav2_ws/src/sim/sim_gazebo/install/mycar_description_detailed/share/mycar_description_detailed/mesh/diff_4w/bracket_link.STL
-- Installing: /home/gg/ros2_nav2_ws/src/sim/sim_gazebo/install/mycar_description_detailed/share/mycar_description_detailed/mesh/diff_4w/bracket_urdf.urdf
-- Installing: /home/gg/ros2_nav2_ws/src/sim/sim_gazebo/install/mycar_description_detailed/share/mycar_description_detailed/mesh/diff_4w/left_former_link.STL
-- Installing: /home/gg/ros2_nav2_ws/src/sim/sim_gazebo/install/mycar_description_detailed/share/mycar_description_detailed/mesh/diff_4w/base_link.STL
-- Installing: /home/gg/ros2_nav2_ws/src/sim/sim_gazebo/install/mycar_description_detailed/share/mycar_description_detailed/mesh/diff_2w
-- Installing: /home/gg/ros2_nav2_ws/src/sim/sim_gazebo/install/mycar_description_detailed/share/mycar_description_detailed/mesh/diff_2w/laser_link.STL
-- Installing: /home/gg/ros2_nav2_ws/src/sim/sim_gazebo/install/mycar_description_detailed/share/mycar_description_detailed/mesh/diff_2w/left_link.STL
-- Installing: /home/gg/ros2_nav2_ws/src/sim/sim_gazebo/install/mycar_description_detailed/share/mycar_description_detailed/mesh/diff_2w/camera_link.STL
-- Installing: /home/gg/ros2_nav2_ws/src/sim/sim_gazebo/install/mycar_description_detailed/share/mycar_description_detailed/mesh/diff_2w/right_link.STL
-- Installing: /home/gg/ros2_nav2_ws/src/sim/sim_gazebo/install/mycar_description_detailed/share/mycar_description_detailed/mesh/diff_2w/base_link.STL
-- Installing: /home/gg/ros2_nav2_ws/src/sim/sim_gazebo/install/mycar_description_detailed/share/mycar_description_detailed/config
-- Installing: /home/gg/ros2_nav2_ws/src/sim/sim_gazebo/install/mycar_description_detailed/share/mycar_description_detailed/config/description_2.rviz
-- Installing: /home/gg/ros2_nav2_ws/src/sim/sim_gazebo/install/mycar_description_detailed/share/ament_index/resource_index/package_run_dependencies/mycar_description_detailed
-- Installing: /home/gg/ros2_nav2_ws/src/sim/sim_gazebo/install/mycar_description_detailed/share/ament_index/resource_index/parent_prefix_path/mycar_description_detailed
-- Installing: /home/gg/ros2_nav2_ws/src/sim/sim_gazebo/install/mycar_description_detailed/share/mycar_description_detailed/environment/ament_prefix_path.sh
-- Installing: /home/gg/ros2_nav2_ws/src/sim/sim_gazebo/install/mycar_description_detailed/share/mycar_description_detailed/environment/ament_prefix_path.dsv
-- Installing: /home/gg/ros2_nav2_ws/src/sim/sim_gazebo/install/mycar_description_detailed/share/mycar_description_detailed/environment/path.sh
-- Installing: /home/gg/ros2_nav2_ws/src/sim/sim_gazebo/install/mycar_description_detailed/share/mycar_description_detailed/environment/path.dsv
-- Installing: /home/gg/ros2_nav2_ws/src/sim/sim_gazebo/install/mycar_description_detailed/share/mycar_description_detailed/local_setup.bash
-- Installing: /home/gg/ros2_nav2_ws/src/sim/sim_gazebo/install/mycar_description_detailed/share/mycar_description_detailed/local_setup.sh
-- Installing: /home/gg/ros2_nav2_ws/src/sim/sim_gazebo/install/mycar_description_detailed/share/mycar_description_detailed/local_setup.zsh
-- Installing: /home/gg/ros2_nav2_ws/src/sim/sim_gazebo/install/mycar_description_detailed/share/mycar_description_detailed/local_setup.dsv
-- Installing: /home/gg/ros2_nav2_ws/src/sim/sim_gazebo/install/mycar_description_detailed/share/mycar_description_detailed/package.dsv
-- Installing: /home/gg/ros2_nav2_ws/src/sim/sim_gazebo/install/mycar_description_detailed/share/ament_index/resource_index/packages/mycar_description_detailed
-- Installing: /home/gg/ros2_nav2_ws/src/sim/sim_gazebo/install/mycar_description_detailed/share/mycar_description_detailed/cmake/mycar_description_detailedConfig.cmake
-- Installing: /home/gg/ros2_nav2_ws/src/sim/sim_gazebo/install/mycar_description_detailed/share/mycar_description_detailed/cmake/mycar_description_detailedConfig-version.cmake
-- Installing: /home/gg/ros2_nav2_ws/src/sim/sim_gazebo/install/mycar_description_detailed/share/mycar_description_detailed/package.xml
