[0.015s] Invoking command in '/home/gg/ros2_nav2_ws/src/sim/sim_gazebo/build/mycar_description_detailed': CMAKE_PREFIX_PATH=/opt/ros/humble /usr/bin/cmake --build /home/gg/ros2_nav2_ws/src/sim/sim_gazebo/build/mycar_description_detailed -- -j24 -l24
[0.056s] Invoked command in '/home/gg/ros2_nav2_ws/src/sim/sim_gazebo/build/mycar_description_detailed' returned '0': CMAKE_PREFIX_PATH=/opt/ros/humble /usr/bin/cmake --build /home/gg/ros2_nav2_ws/src/sim/sim_gazebo/build/mycar_description_detailed -- -j24 -l24
[0.058s] Invoking command in '/home/gg/ros2_nav2_ws/src/sim/sim_gazebo/build/mycar_description_detailed': CMAKE_PREFIX_PATH=/opt/ros/humble /usr/bin/cmake --install /home/gg/ros2_nav2_ws/src/sim/sim_gazebo/build/mycar_description_detailed
[0.063s] -- Install configuration: ""
[0.063s] -- Installing: /home/gg/ros2_nav2_ws/src/sim/sim_gazebo/install/mycar_description_detailed/share/mycar_description_detailed/launch
[0.064s] -- Installing: /home/gg/ros2_nav2_ws/src/sim/sim_gazebo/install/mycar_description_detailed/share/mycar_description_detailed/launch/mycar_desc_sim.launch.py
[0.064s] -- Installing: /home/gg/ros2_nav2_ws/src/sim/sim_gazebo/install/mycar_description_detailed/share/mycar_description_detailed/launch/mycar_desc.launch.py
[0.064s] -- Installing: /home/gg/ros2_nav2_ws/src/sim/sim_gazebo/install/mycar_description_detailed/share/mycar_description_detailed/urdf
[0.064s] -- Installing: /home/gg/ros2_nav2_ws/src/sim/sim_gazebo/install/mycar_description_detailed/share/mycar_description_detailed/urdf/arduino.urdf
[0.064s] -- Installing: /home/gg/ros2_nav2_ws/src/sim/sim_gazebo/install/mycar_description_detailed/share/mycar_description_detailed/urdf/stm32_2w.urdf
[0.064s] -- Installing: /home/gg/ros2_nav2_ws/src/sim/sim_gazebo/install/mycar_description_detailed/share/mycar_description_detailed/urdf/stm32_2w_change.urdf
[0.064s] -- Installing: /home/gg/ros2_nav2_ws/src/sim/sim_gazebo/install/mycar_description_detailed/share/mycar_description_detailed/urdf/stm32_4w.urdf
[0.064s] -- Installing: /home/gg/ros2_nav2_ws/src/sim/sim_gazebo/install/mycar_description_detailed/share/mycar_description_detailed/urdf/stm32_4w_change.urdf
[0.064s] -- Installing: /home/gg/ros2_nav2_ws/src/sim/sim_gazebo/install/mycar_description_detailed/share/mycar_description_detailed/mesh
[0.064s] -- Installing: /home/gg/ros2_nav2_ws/src/sim/sim_gazebo/install/mycar_description_detailed/share/mycar_description_detailed/mesh/diff_4w
[0.064s] -- Installing: /home/gg/ros2_nav2_ws/src/sim/sim_gazebo/install/mycar_description_detailed/share/mycar_description_detailed/mesh/diff_4w/laser_link.STL
[0.065s] -- Installing: /home/gg/ros2_nav2_ws/src/sim/sim_gazebo/install/mycar_description_detailed/share/mycar_description_detailed/mesh/diff_4w/right_former_link.STL
[0.066s] -- Installing: /home/gg/ros2_nav2_ws/src/sim/sim_gazebo/install/mycar_description_detailed/share/mycar_description_detailed/mesh/diff_4w/left_rear_link.STL
[0.067s] -- Installing: /home/gg/ros2_nav2_ws/src/sim/sim_gazebo/install/mycar_description_detailed/share/mycar_description_detailed/mesh/diff_4w/camera_link.STL
[0.067s] -- Installing: /home/gg/ros2_nav2_ws/src/sim/sim_gazebo/install/mycar_description_detailed/share/mycar_description_detailed/mesh/diff_4w/right_rear_link.STL
[0.067s] -- Installing: /home/gg/ros2_nav2_ws/src/sim/sim_gazebo/install/mycar_description_detailed/share/mycar_description_detailed/mesh/diff_4w/bracket_link.STL
[0.069s] -- Installing: /home/gg/ros2_nav2_ws/src/sim/sim_gazebo/install/mycar_description_detailed/share/mycar_description_detailed/mesh/diff_4w/bracket_urdf.urdf
[0.070s] -- Installing: /home/gg/ros2_nav2_ws/src/sim/sim_gazebo/install/mycar_description_detailed/share/mycar_description_detailed/mesh/diff_4w/left_former_link.STL
[0.070s] -- Installing: /home/gg/ros2_nav2_ws/src/sim/sim_gazebo/install/mycar_description_detailed/share/mycar_description_detailed/mesh/diff_4w/base_link.STL
[0.080s] -- Installing: /home/gg/ros2_nav2_ws/src/sim/sim_gazebo/install/mycar_description_detailed/share/mycar_description_detailed/mesh/diff_2w
[0.080s] -- Installing: /home/gg/ros2_nav2_ws/src/sim/sim_gazebo/install/mycar_description_detailed/share/mycar_description_detailed/mesh/diff_2w/laser_link.STL
[0.081s] -- Installing: /home/gg/ros2_nav2_ws/src/sim/sim_gazebo/install/mycar_description_detailed/share/mycar_description_detailed/mesh/diff_2w/left_link.STL
[0.083s] -- Installing: /home/gg/ros2_nav2_ws/src/sim/sim_gazebo/install/mycar_description_detailed/share/mycar_description_detailed/mesh/diff_2w/camera_link.STL
[0.084s] -- Installing: /home/gg/ros2_nav2_ws/src/sim/sim_gazebo/install/mycar_description_detailed/share/mycar_description_detailed/mesh/diff_2w/right_link.STL
[0.085s] -- Installing: /home/gg/ros2_nav2_ws/src/sim/sim_gazebo/install/mycar_description_detailed/share/mycar_description_detailed/mesh/diff_2w/base_link.STL
[0.106s] -- Installing: /home/gg/ros2_nav2_ws/src/sim/sim_gazebo/install/mycar_description_detailed/share/mycar_description_detailed/config
[0.106s] -- Installing: /home/gg/ros2_nav2_ws/src/sim/sim_gazebo/install/mycar_description_detailed/share/mycar_description_detailed/config/description_2.rviz
[0.106s] -- Installing: /home/gg/ros2_nav2_ws/src/sim/sim_gazebo/install/mycar_description_detailed/share/ament_index/resource_index/package_run_dependencies/mycar_description_detailed
[0.106s] -- Installing: /home/gg/ros2_nav2_ws/src/sim/sim_gazebo/install/mycar_description_detailed/share/ament_index/resource_index/parent_prefix_path/mycar_description_detailed
[0.106s] -- Installing: /home/gg/ros2_nav2_ws/src/sim/sim_gazebo/install/mycar_description_detailed/share/mycar_description_detailed/environment/ament_prefix_path.sh
[0.106s] -- Installing: /home/gg/ros2_nav2_ws/src/sim/sim_gazebo/install/mycar_description_detailed/share/mycar_description_detailed/environment/ament_prefix_path.dsv
[0.107s] -- Installing: /home/gg/ros2_nav2_ws/src/sim/sim_gazebo/install/mycar_description_detailed/share/mycar_description_detailed/environment/path.sh
[0.107s] -- Installing: /home/gg/ros2_nav2_ws/src/sim/sim_gazebo/install/mycar_description_detailed/share/mycar_description_detailed/environment/path.dsv
[0.107s] -- Installing: /home/gg/ros2_nav2_ws/src/sim/sim_gazebo/install/mycar_description_detailed/share/mycar_description_detailed/local_setup.bash
[0.107s] -- Installing: /home/gg/ros2_nav2_ws/src/sim/sim_gazebo/install/mycar_description_detailed/share/mycar_description_detailed/local_setup.sh
[0.107s] -- Installing: /home/gg/ros2_nav2_ws/src/sim/sim_gazebo/install/mycar_description_detailed/share/mycar_description_detailed/local_setup.zsh
[0.107s] -- Installing: /home/gg/ros2_nav2_ws/src/sim/sim_gazebo/install/mycar_description_detailed/share/mycar_description_detailed/local_setup.dsv
[0.107s] -- Installing: /home/gg/ros2_nav2_ws/src/sim/sim_gazebo/install/mycar_description_detailed/share/mycar_description_detailed/package.dsv
[0.107s] -- Installing: /home/gg/ros2_nav2_ws/src/sim/sim_gazebo/install/mycar_description_detailed/share/ament_index/resource_index/packages/mycar_description_detailed
[0.107s] -- Installing: /home/gg/ros2_nav2_ws/src/sim/sim_gazebo/install/mycar_description_detailed/share/mycar_description_detailed/cmake/mycar_description_detailedConfig.cmake
[0.107s] -- Installing: /home/gg/ros2_nav2_ws/src/sim/sim_gazebo/install/mycar_description_detailed/share/mycar_description_detailed/cmake/mycar_description_detailedConfig-version.cmake
[0.107s] -- Installing: /home/gg/ros2_nav2_ws/src/sim/sim_gazebo/install/mycar_description_detailed/share/mycar_description_detailed/package.xml
[0.109s] Invoked command in '/home/gg/ros2_nav2_ws/src/sim/sim_gazebo/build/mycar_description_detailed' returned '0': CMAKE_PREFIX_PATH=/opt/ros/humble /usr/bin/cmake --install /home/gg/ros2_nav2_ws/src/sim/sim_gazebo/build/mycar_description_detailed
